Error: Server crashed with signal 0xb {11}
/cod1/test/libcod1_1_1.so(_Z11ServerCrashi+0x20)[0xf7f9cd3b]
linux-gate.so.1(__kernel_sigreturn+0x0)[0xf7fa9560]
/cod1/test/libcod1_1_1.so(Scr_GetMethod+0x2)[0xf7fa210a]
/cod1/test/cod_lnxded[0x80951c9]
/cod1/test/cod_lnxded[0x8098b8f]
/cod1/test/cod_lnxded[0x8097c4c]
/cod1/test/cod_lnxded[0x8098da0]
/cod1/test/cod_lnxded[0x8099ac2]
/cod1/test/cod_lnxded[0x8098dfc]
/cod1/test/cod_lnxded[0x809745a]
/cod1/test/cod_lnxded[0x8098d35]
/cod1/test/cod_lnxded[0x80994c2]
/cod1/test/cod_lnxded[0x809974c]
/cod1/test/cod_lnxded[0x80998a9]
/cod1/test/cod_lnxded[0x809a207]
/cod1/test/main/game.mp.i386.so(Scr_LoadScript+0x14)[0xef50c4e8]
/cod1/test/main/game.mp.i386.so(GScr_LoadGameTypeScript+0x29)[0xef4f9181]
/cod1/test/main/game.mp.i386.so(GScr_LoadScripts+0x1f)[0xef4f93e7]
/cod1/test/main/game.mp.i386.so(G_InitGame+0x20d)[0xef4efd21]
/cod1/test/main/game.mp.i386.so(vmMain+0x32)[0xef4f0e06]
Error: Server crashed with signal 0xb {11}
/cod1/test/libcod1_1_1.so(_Z11ServerCrashi+0x20)[0xf7f75d3b]
linux-gate.so.1(__kernel_sigreturn+0x0)[0xf7f82560]
/cod1/test/libcod1_1_1.so(Scr_GetMethod+0x0)[0xf7f7b108]
/cod1/test/cod_lnxded[0x80951c9]
/cod1/test/cod_lnxded[0x8098b8f]
/cod1/test/cod_lnxded[0x8097c4c]
/cod1/test/cod_lnxded[0x8098da0]
/cod1/test/cod_lnxded[0x8099ac2]
/cod1/test/cod_lnxded[0x8098dfc]
/cod1/test/cod_lnxded[0x809745a]
/cod1/test/cod_lnxded[0x8098d35]
/cod1/test/cod_lnxded[0x80994c2]
/cod1/test/cod_lnxded[0x809974c]
/cod1/test/cod_lnxded[0x80998a9]
/cod1/test/cod_lnxded[0x809a207]
/cod1/test/main/game.mp.i386.so(Scr_LoadScript+0x14)[0xef4e54e8]
/cod1/test/main/game.mp.i386.so(GScr_LoadGameTypeScript+0x29)[0xef4d2181]
/cod1/test/main/game.mp.i386.so(GScr_LoadScripts+0x1f)[0xef4d23e7]
/cod1/test/main/game.mp.i386.so(G_InitGame+0x20d)[0xef4c8d21]
/cod1/test/main/game.mp.i386.so(vmMain+0x32)[0xef4c9e06]
Error: Server crashed with signal 0xb {11}
/cod1/test/libcod1_1_1.so(_Z11ServerCrashi+0x20)[0xf7f27d3b]
linux-gate.so.1(__kernel_sigreturn+0x0)[0xf7f34560]
/cod1/test/libcod1_1_1.so(cl_paused+0x2)[0xf7f2d116]
/cod1/test/cod_lnxded[0x80951c9]
/cod1/test/cod_lnxded[0x8098b8f]
/cod1/test/cod_lnxded[0x8097c4c]
/cod1/test/cod_lnxded[0x8098da0]
/cod1/test/cod_lnxded[0x8099ac2]
/cod1/test/cod_lnxded[0x8098dfc]
/cod1/test/cod_lnxded[0x809745a]
/cod1/test/cod_lnxded[0x8098d35]
/cod1/test/cod_lnxded[0x80994c2]
/cod1/test/cod_lnxded[0x809974c]
/cod1/test/cod_lnxded[0x80998a9]
/cod1/test/cod_lnxded[0x809a207]
/cod1/test/main/game.mp.i386.so(Scr_LoadScript+0x14)[0xef4974e8]
/cod1/test/main/game.mp.i386.so(GScr_LoadGameTypeScript+0x29)[0xef484181]
/cod1/test/main/game.mp.i386.so(GScr_LoadScripts+0x1f)[0xef4843e7]
/cod1/test/main/game.mp.i386.so(G_InitGame+0x20d)[0xef47ad21]
/cod1/test/main/game.mp.i386.so(vmMain+0x32)[0xef47be06]
Error: Server crashed with signal 0xb {11}
/cod1/test/libcod1_1_1.so(_Z11ServerCrashi+0x20)[0xf7ed3e79]
linux-gate.so.1(__kernel_sigreturn+0x0)[0xf7ee0560]
Error: Server crashed with signal 0xb {11}
/cod1/test/libcod1_1_1.so(_Z11ServerCrashi+0x20)[0xf7f7ae79]
linux-gate.so.1(__kernel_sigreturn+0x0)[0xf7f87560]
Error: Server crashed with signal 0xb {11}
/cod1/test/libcod1_1_1.so(_Z11ServerCrashi+0x20)[0xf7f6bd3b]
linux-gate.so.1(__kernel_sigreturn+0x0)[0xf7f78560]
/cod1/test/libcod1_1_1.so(sys_timeBase+0x0)[0xf7f7110c]
/cod1/test/cod_lnxded[0x80951c9]
/cod1/test/cod_lnxded[0x8098b8f]
/cod1/test/cod_lnxded[0x8097c4c]
/cod1/test/cod_lnxded[0x8098da0]
/cod1/test/cod_lnxded[0x8099ac2]
/cod1/test/cod_lnxded[0x8098dfc]
/cod1/test/cod_lnxded[0x809745a]
/cod1/test/cod_lnxded[0x8098d35]
/cod1/test/cod_lnxded[0x80994c2]
/cod1/test/cod_lnxded[0x809974c]
/cod1/test/cod_lnxded[0x80998a9]
/cod1/test/cod_lnxded[0x809a207]
/cod1/test/main/game.mp.i386.so(Scr_LoadScript+0x14)[0xef4db4e8]
/cod1/test/main/game.mp.i386.so(GScr_LoadGameTypeScript+0x29)[0xef4c8181]
/cod1/test/main/game.mp.i386.so(GScr_LoadScripts+0x1f)[0xef4c83e7]
/cod1/test/main/game.mp.i386.so(G_InitGame+0x20d)[0xef4bed21]
/cod1/test/main/game.mp.i386.so(vmMain+0x32)[0xef4bfe06]
Error: Server crashed with signal 0xb {11}
/cod1/test/libcod1_1_1.so(_Z11ServerCrashi+0x20)[0xf7ec6d98]
linux-gate.so.1(__kernel_sigreturn+0x0)[0xf7ed2560]
/cod1/test/libcod1_1_1.so(Scr_AddString+0x0)[0xf7ecb158]
/cod1/test/main/game.mp.i386.so(G_CallSpawn+0x141)[0xef42b725]
/cod1/test/main/game.mp.i386.so(G_SpawnEntitiesFromString+0x3f)[0xef42c31b]
/cod1/test/main/game.mp.i386.so(G_InitGame+0x30d)[0xef419e21]
/cod1/test/main/game.mp.i386.so(vmMain+0x32)[0xef41ae06]
/cod1/test/cod_lnxded[0x80921b0]
/cod1/test/cod_lnxded[0x80891b8]
/cod1/test/cod_lnxded[0x808a641]
/cod1/test/cod_lnxded[0x8083da9]
/cod1/test/cod_lnxded[0x805b012]
/cod1/test/cod_lnxded[0x805ab22]
/cod1/test/cod_lnxded[0x806d008]
/cod1/test/cod_lnxded[0x80c69d8]
/lib/i386-linux-gnu/libc.so.6(+0x232d5)[0xf7baa2d5]
